<?xml version="1.0" encoding="UTF-8"?>
<!-- Generated by org.testng.reporters.JUnitXMLReporter -->
<testsuite ignored="2" hostname="UB00352" failures="10" tests="32" name="Test" time="26.294" errors="0" timestamp="2020-06-15T13:57:21 BST">
  <testcase classname="com.RestassuredAPI_Testing.testCases.TC001_Get_All_Employees" name="checkContentEncoding" time="0.012"/>
  <testcase classname="com.RestassuredAPI_Testing.testCases.TC001_Get_All_Employees" name="checkContentLength" time="0.005"/>
  <testcase classname="com.RestassuredAPI_Testing.testCases.TC001_Get_All_Employees" name="checkContentType" time="0.003"/>
  <testcase classname="com.RestassuredAPI_Testing.testCases.TC001_Get_All_Employees" name="checkCookies" time="0.003"/>
  <testcase classname="com.RestassuredAPI_Testing.testCases.TC001_Get_All_Employees" name="checkRespnseTime" time="0.006"/>
  <testcase classname="com.RestassuredAPI_Testing.testCases.TC001_Get_All_Employees" name="checkResponseBody" time="0.055"/>
  <testcase classname="com.RestassuredAPI_Testing.testCases.TC001_Get_All_Employees" name="checkServerType" time="0.005"/>
  <testcase classname="com.RestassuredAPI_Testing.testCases.TC001_Get_All_Employees" name="checkStatusCode" time="0.005"/>
  <testcase classname="com.RestassuredAPI_Testing.testCases.TC001_Get_All_Employees" name="checkstatusline" time="0.002"/>
  <testcase classname="com.RestassuredAPI_Testing.testCases.TC002_Get_Single_Employee_Record" name="checkContentLength" time="0.002">
    <failure type="java.lang.NumberFormatException" message="null">
      <![CDATA[java.lang.NumberFormatException: null
at java.base/java.lang.Integer.parseInt(Integer.java:614)
at java.base/java.lang.Integer.parseInt(Integer.java:770)
at com.RestassuredAPI_Testing.testCases.TC002_Get_Single_Employee_Record.checkContentLength(TC002_Get_Single_Employee_Record.java:77)
at java.base/java.util.ArrayList.forEach(ArrayList.java:1540)
... Removed 27 stack frames]]>
    </failure>
  </testcase> <!-- checkContentLength -->
  <testcase classname="com.RestassuredAPI_Testing.testCases.TC002_Get_Single_Employee_Record" name="checkResponseBody" time="0.002"/>
  <testcase classname="com.RestassuredAPI_Testing.testCases.TC002_Get_Single_Employee_Record" name="checkResponseTime" time="0.001"/>
  <testcase classname="com.RestassuredAPI_Testing.testCases.TC002_Get_Single_Employee_Record" name="checkServerType" time="0.002"/>
  <testcase classname="com.RestassuredAPI_Testing.testCases.TC002_Get_Single_Employee_Record" name="checkStatusCode" time="0.004">
    <failure type="java.lang.AssertionError" message="expected [200] but found [404]">
      <![CDATA[java.lang.AssertionError: expected [200] but found [404]
at com.RestassuredAPI_Testing.testCases.TC002_Get_Single_Employee_Record.checkStatusCode(TC002_Get_Single_Employee_Record.java:42)
at java.base/java.util.ArrayList.forEach(ArrayList.java:1540)
... Removed 32 stack frames]]>
    </failure>
  </testcase> <!-- checkStatusCode -->
  <testcase classname="com.RestassuredAPI_Testing.testCases.TC002_Get_Single_Employee_Record" name="checkStatusLine" time="0.002">
    <failure type="java.lang.AssertionError" message="expected [HTTP/1.1 200 OK] but found [HTTP/1.1 404 Not Found]">
      <![CDATA[java.lang.AssertionError: expected [HTTP/1.1 200 OK] but found [HTTP/1.1 404 Not Found]
at com.RestassuredAPI_Testing.testCases.TC002_Get_Single_Employee_Record.checkStatusLine(TC002_Get_Single_Employee_Record.java:56)
at java.base/java.util.ArrayList.forEach(ArrayList.java:1540)
... Removed 32 stack frames]]>
    </failure>
  </testcase> <!-- checkStatusLine -->
  <testcase classname="com.RestassuredAPI_Testing.testCases.TC002_Get_Single_Employee_Record" name="checkcontentType" time="0.002">
    <failure type="java.lang.AssertionError" message="expected [application/json;charset=utf-8] but found [text/html; charset=iso-8859-1]">
      <![CDATA[java.lang.AssertionError: expected [application/json;charset=utf-8] but found [text/html; charset=iso-8859-1]
at com.RestassuredAPI_Testing.testCases.TC002_Get_Single_Employee_Record.checkcontentType(TC002_Get_Single_Employee_Record.java:63)
at java.base/java.util.ArrayList.forEach(ArrayList.java:1540)
... Removed 32 stack frames]]>
    </failure>
  </testcase> <!-- checkcontentType -->
  <testcase classname="com.RestassuredAPI_Testing.testCases.TC005_Delete_Employee_Record" name="checkContentType" time="0.003">
    <failure type="java.lang.AssertionError" message="expected [text/html; charset=utf-8] but found [null]">
      <![CDATA[java.lang.AssertionError: expected [text/html; charset=utf-8] but found [null]
at com.RestassuredAPI_Testing.testCases.TC005_Delete_Employee_Record.checkContentType(TC005_Delete_Employee_Record.java:67)
at java.base/java.util.ArrayList.forEach(ArrayList.java:1540)
... Removed 33 stack frames]]>
    </failure>
  </testcase> <!-- checkContentType -->
  <testcase classname="com.RestassuredAPI_Testing.testCases.TC005_Delete_Employee_Record" name="checkResponseBody" time="0.003">
    <failure type="java.lang.AssertionError" message="expected [true] but found [false]">
      <![CDATA[java.lang.AssertionError: expected [true] but found [false]
at com.RestassuredAPI_Testing.testCases.TC005_Delete_Employee_Record.checkResponseBody(TC005_Delete_Employee_Record.java:46)
at java.base/java.util.ArrayList.forEach(ArrayList.java:1540)
... Removed 32 stack frames]]>
    </failure>
  </testcase> <!-- checkResponseBody -->
  <testcase classname="com.RestassuredAPI_Testing.testCases.TC005_Delete_Employee_Record" name="checkStatusCode" time="0.002"/>
  <testcase classname="com.RestassuredAPI_Testing.testCases.TC005_Delete_Employee_Record" name="checkStatusLine" time="0.002"/>
  <testcase classname="com.RestassuredAPI_Testing.testCases.TC005_Delete_Employee_Record" name="checkcontentEncoding" time="0.002">
    <failure type="java.lang.AssertionError" message="expected [gzip] but found [null]">
      <![CDATA[java.lang.AssertionError: expected [gzip] but found [null]
at com.RestassuredAPI_Testing.testCases.TC005_Delete_Employee_Record.checkcontentEncoding(TC005_Delete_Employee_Record.java:81)
at java.base/java.util.ArrayList.forEach(ArrayList.java:1540)
... Removed 33 stack frames]]>
    </failure>
  </testcase> <!-- checkcontentEncoding -->
  <testcase classname="com.RestassuredAPI_Testing.testCases.TC005_Delete_Employee_Record" name="checkserverType" time="0.002"/>
  <testcase classname="com.RestassuredAPI_Testing.testCases.TC003_Post_Employee_Record" name="checkResponseBody" time="0.001"/>
  <testcase classname="com.RestassuredAPI_Testing.testCases.TC003_Post_Employee_Record" name="checkStatusCode" time="0.001"/>
  <testcase classname="com.RestassuredAPI_Testing.testCases.TC003_Post_Employee_Record" name="checkStatusLine" time="0.002"/>
  <testcase classname="com.RestassuredAPI_Testing.testCases.TC003_Post_Employee_Record" name="checkserverType" time="0.001"/>
  <testcase classname="com.RestassuredAPI_Testing.testCases.TC004_Put_Employee_Record" name="checkContentType" time="0.001">
    <failure type="java.lang.AssertionError" message="expected [application/json;charset=utf-8] but found [null]">
      <![CDATA[java.lang.AssertionError: expected [application/json;charset=utf-8] but found [null]
at com.RestassuredAPI_Testing.testCases.TC004_Put_Employee_Record.checkContentType(TC004_Put_Employee_Record.java:80)
at java.base/java.util.ArrayList.forEach(ArrayList.java:1540)
... Removed 33 stack frames]]>
    </failure>
  </testcase> <!-- checkContentType -->
  <testcase classname="com.RestassuredAPI_Testing.testCases.TC004_Put_Employee_Record" name="checkResponseBody" time="0.001">
    <failure type="java.lang.AssertionError" message="expected [true] but found [false]">
      <![CDATA[java.lang.AssertionError: expected [true] but found [false]
at com.RestassuredAPI_Testing.testCases.TC004_Put_Employee_Record.checkResponseBody(TC004_Put_Employee_Record.java:57)
at java.base/java.util.ArrayList.forEach(ArrayList.java:1540)
... Removed 32 stack frames]]>
    </failure>
  </testcase> <!-- checkResponseBody -->
  <testcase classname="com.RestassuredAPI_Testing.testCases.TC004_Put_Employee_Record" name="checkStatusCode" time="0.002"/>
  <testcase classname="com.RestassuredAPI_Testing.testCases.TC004_Put_Employee_Record" name="checkStatusLine" time="0.001"/>
  <testcase classname="com.RestassuredAPI_Testing.testCases.TC004_Put_Employee_Record" name="checkcontentEncoding" time="0.001">
    <failure type="java.lang.AssertionError" message="expected [gzip] but found [null]">
      <![CDATA[java.lang.AssertionError: expected [gzip] but found [null]
at com.RestassuredAPI_Testing.testCases.TC004_Put_Employee_Record.checkcontentEncoding(TC004_Put_Employee_Record.java:94)
at java.base/java.util.ArrayList.forEach(ArrayList.java:1540)
... Removed 33 stack frames]]>
    </failure>
  </testcase> <!-- checkcontentEncoding -->
  <testcase classname="com.RestassuredAPI_Testing.testCases.TC004_Put_Employee_Record" name="checkserverType" time="0.002"/>
  <testcase classname="com.RestassuredAPI_Testing.testCases.TC003_Post_Employee_Record" name="checkcontentEncoding" time="0.0">
    <ignored/>
  </testcase> <!-- checkcontentEncoding -->
  <testcase classname="com.RestassuredAPI_Testing.testCases.TC003_Post_Employee_Record" name="checkContentType" time="0.0">
    <ignored/>
  </testcase> <!-- checkContentType -->
</testsuite> <!-- Test -->
